Analysis & Synthesis report for TopLevelDesign
Wed Aug  9 00:32:40 2023
Quartus Prime Version 22.1std.1 Build 917 02/14/2023 SC Lite Edition


---------------------
; Table of Contents ;
---------------------
  1. Legal Notice
  2. Analysis & Synthesis Summary
  3. Analysis & Synthesis Settings
  4. Parallel Compilation
  5. Analysis & Synthesis Source Files Read
  6. Analysis & Synthesis Resource Usage Summary
  7. Analysis & Synthesis Resource Utilization by Entity
  8. General Register Statistics
  9. Port Connectivity Checks: "Intel80386DX:inst_MP"
 10. Post-Synthesis Netlist Statistics for Top Partition
 11. Elapsed Time Per Partition
 12. Analysis & Synthesis Messages



----------------
; Legal Notice ;
----------------
Copyright (C) 2023  Intel Corporation. All rights reserved.
Your use of Intel Corporation's design tools, logic functions 
and other software and tools, and any partner logic 
functions, and any output files from any of the foregoing 
(including device programming or simulation files), and any 
associated documentation or information are expressly subject 
to the terms and conditions of the Intel Program License 
Subscription Agreement, the Intel Quartus Prime License Agreement,
the Intel FPGA IP License Agreement, or other applicable license
agreement, including, without limitation, that your use is for
the sole purpose of programming logic devices manufactured by
Intel and sold by Intel or its authorized distributors.  Please
refer to the applicable agreement for further details, at
https://fpgasoftware.intel.com/eula.



+----------------------------------------------------------------------------------+
; Analysis & Synthesis Summary                                                     ;
+---------------------------------+------------------------------------------------+
; Analysis & Synthesis Status     ; Successful - Wed Aug  9 00:32:40 2023          ;
; Quartus Prime Version           ; 22.1std.1 Build 917 02/14/2023 SC Lite Edition ;
; Revision Name                   ; TopLevelDesign                                 ;
; Top-level Entity Name           ; TopLevelDesign                                 ;
; Family                          ; Cyclone V                                      ;
; Logic utilization (in ALMs)     ; N/A                                            ;
; Total registers                 ; 0                                              ;
; Total pins                      ; 1                                              ;
; Total virtual pins              ; 0                                              ;
; Total block memory bits         ; 0                                              ;
; Total DSP Blocks                ; 0                                              ;
; Total HSSI RX PCSs              ; 0                                              ;
; Total HSSI PMA RX Deserializers ; 0                                              ;
; Total HSSI TX PCSs              ; 0                                              ;
; Total HSSI PMA TX Serializers   ; 0                                              ;
; Total PLLs                      ; 0                                              ;
; Total DLLs                      ; 0                                              ;
+---------------------------------+------------------------------------------------+


+---------------------------------------------------------------------------------------------------------------------------+
; Analysis & Synthesis Settings                                                                                             ;
+---------------------------------------------------------------------------------+--------------------+--------------------+
; Option                                                                          ; Setting            ; Default Value      ;
+---------------------------------------------------------------------------------+--------------------+--------------------+
; Device                                                                          ; 5CGXFC7C7U19C8     ;                    ;
; Top-level entity name                                                           ; TopLevelDesign     ; TopLevelDesign     ;
; Family name                                                                     ; Cyclone V          ; Cyclone V          ;
; Use smart compilation                                                           ; Off                ; Off                ;
; Enable parallel Assembler and Timing Analyzer during compilation                ; On                 ; On                 ;
; Enable compact report table                                                     ; Off                ; Off                ;
; Restructure Multiplexers                                                        ; Auto               ; Auto               ;
; MLAB Add Timing Constraints For Mixed-Port Feed-Through Mode Setting Don't Care ; Off                ; Off                ;
; Create Debugging Nodes for IP Cores                                             ; Off                ; Off                ;
; Preserve fewer node names                                                       ; On                 ; On                 ;
; Intel FPGA IP Evaluation Mode                                                   ; Enable             ; Enable             ;
; Verilog Version                                                                 ; Verilog_2001       ; Verilog_2001       ;
; VHDL Version                                                                    ; VHDL_1993          ; VHDL_1993          ;
; State Machine Processing                                                        ; Auto               ; Auto               ;
; Safe State Machine                                                              ; Off                ; Off                ;
; Extract Verilog State Machines                                                  ; On                 ; On                 ;
; Extract VHDL State Machines                                                     ; On                 ; On                 ;
; Ignore Verilog initial constructs                                               ; Off                ; Off                ;
; Iteration limit for constant Verilog loops                                      ; 5000               ; 5000               ;
; Iteration limit for non-constant Verilog loops                                  ; 250                ; 250                ;
; Add Pass-Through Logic to Inferred RAMs                                         ; On                 ; On                 ;
; Infer RAMs from Raw Logic                                                       ; On                 ; On                 ;
; Parallel Synthesis                                                              ; On                 ; On                 ;
; DSP Block Balancing                                                             ; Auto               ; Auto               ;
; NOT Gate Push-Back                                                              ; On                 ; On                 ;
; Power-Up Don't Care                                                             ; On                 ; On                 ;
; Remove Redundant Logic Cells                                                    ; Off                ; Off                ;
; Remove Duplicate Registers                                                      ; On                 ; On                 ;
; Ignore CARRY Buffers                                                            ; Off                ; Off                ;
; Ignore CASCADE Buffers                                                          ; Off                ; Off                ;
; Ignore GLOBAL Buffers                                                           ; Off                ; Off                ;
; Ignore ROW GLOBAL Buffers                                                       ; Off                ; Off                ;
; Ignore LCELL Buffers                                                            ; Off                ; Off                ;
; Ignore SOFT Buffers                                                             ; On                 ; On                 ;
; Limit AHDL Integers to 32 Bits                                                  ; Off                ; Off                ;
; Optimization Technique                                                          ; Balanced           ; Balanced           ;
; Carry Chain Length                                                              ; 70                 ; 70                 ;
; Auto Carry Chains                                                               ; On                 ; On                 ;
; Auto Open-Drain Pins                                                            ; On                 ; On                 ;
; Perform WYSIWYG Primitive Resynthesis                                           ; Off                ; Off                ;
; Auto ROM Replacement                                                            ; On                 ; On                 ;
; Auto RAM Replacement                                                            ; On                 ; On                 ;
; Auto DSP Block Replacement                                                      ; On                 ; On                 ;
; Auto Shift Register Replacement                                                 ; Auto               ; Auto               ;
; Allow Shift Register Merging across Hierarchies                                 ; Auto               ; Auto               ;
; Auto Clock Enable Replacement                                                   ; On                 ; On                 ;
; Strict RAM Replacement                                                          ; Off                ; Off                ;
; Allow Synchronous Control Signals                                               ; On                 ; On                 ;
; Force Use of Synchronous Clear Signals                                          ; Off                ; Off                ;
; Auto Resource Sharing                                                           ; Off                ; Off                ;
; Allow Any RAM Size For Recognition                                              ; Off                ; Off                ;
; Allow Any ROM Size For Recognition                                              ; Off                ; Off                ;
; Allow Any Shift Register Size For Recognition                                   ; Off                ; Off                ;
; Use LogicLock Constraints during Resource Balancing                             ; On                 ; On                 ;
; Ignore translate_off and synthesis_off directives                               ; Off                ; Off                ;
; Timing-Driven Synthesis                                                         ; On                 ; On                 ;
; Report Parameter Settings                                                       ; On                 ; On                 ;
; Report Source Assignments                                                       ; On                 ; On                 ;
; Report Connectivity Checks                                                      ; On                 ; On                 ;
; Ignore Maximum Fan-Out Assignments                                              ; Off                ; Off                ;
; Synchronization Register Chain Length                                           ; 3                  ; 3                  ;
; Power Optimization During Synthesis                                             ; Normal compilation ; Normal compilation ;
; HDL message level                                                               ; Level2             ; Level2             ;
; Suppress Register Optimization Related Messages                                 ; Off                ; Off                ;
; Number of Removed Registers Reported in Synthesis Report                        ; 5000               ; 5000               ;
; Number of Swept Nodes Reported in Synthesis Report                              ; 5000               ; 5000               ;
; Number of Inverted Registers Reported in Synthesis Report                       ; 100                ; 100                ;
; Clock MUX Protection                                                            ; On                 ; On                 ;
; Auto Gated Clock Conversion                                                     ; Off                ; Off                ;
; Block Design Naming                                                             ; Auto               ; Auto               ;
; SDC constraint protection                                                       ; Off                ; Off                ;
; Synthesis Effort                                                                ; Auto               ; Auto               ;
; Shift Register Replacement - Allow Asynchronous Clear Signal                    ; On                 ; On                 ;
; Pre-Mapping Resynthesis Optimization                                            ; Off                ; Off                ;
; Analysis & Synthesis Message Level                                              ; Medium             ; Medium             ;
; Disable Register Merging Across Hierarchies                                     ; Auto               ; Auto               ;
; Resource Aware Inference For Block RAM                                          ; On                 ; On                 ;
; Automatic Parallel Synthesis                                                    ; On                 ; On                 ;
; Partial Reconfiguration Bitstream ID                                            ; Off                ; Off                ;
+---------------------------------------------------------------------------------+--------------------+--------------------+


+------------------------------------------+
; Parallel Compilation                     ;
+----------------------------+-------------+
; Processors                 ; Number      ;
+----------------------------+-------------+
; Number detected on machine ; 8           ;
; Maximum allowed            ; 4           ;
;                            ;             ;
; Average used               ; 1.00        ;
; Maximum used               ; 1           ;
;                            ;             ;
; Usage by Processor         ; % Time Used ;
;     Processor 1            ; 100.0%      ;
+----------------------------+-------------+


+-----------------------------------------------------------------------------------------------------------------------------------------------------------------------------------------------------------------------------------------+
; Analysis & Synthesis Source Files Read                                                                                                                                                                                                  ;
+--------------------------------------+-----------------+------------------------------+---------------------------------------------------------------------------------------------------------------------------------------+---------+
; File Name with User-Entered Path     ; Used in Netlist ; File Type                    ; File Name with Absolute Path                                                                                                          ; Library ;
+--------------------------------------+-----------------+------------------------------+---------------------------------------------------------------------------------------------------------------------------------------+---------+
; SDRAM_Controller/SDRAM_Controller.sv ; yes             ; User SystemVerilog HDL File  ; C:/Users/nabee/OneDrive/Documents/Github/source/CSE4358/Final Project/SV_Projects/TopLevelDesign/SDRAM_Controller/SDRAM_Controller.sv ;         ;
; Intel80386DX/Intel80386DX.sv         ; yes             ; User SystemVerilog HDL File  ; C:/Users/nabee/OneDrive/Documents/Github/source/CSE4358/Final Project/SV_Projects/TopLevelDesign/Intel80386DX/Intel80386DX.sv         ;         ;
; MT48LC8M8A2/MT48LC8M8A2.sv           ; yes             ; User SystemVerilog HDL File  ; C:/Users/nabee/OneDrive/Documents/Github/source/CSE4358/Final Project/SV_Projects/TopLevelDesign/MT48LC8M8A2/MT48LC8M8A2.sv           ;         ;
; TopLevelDesign.sv                    ; yes             ; User SystemVerilog HDL File  ; C:/Users/nabee/OneDrive/Documents/Github/source/CSE4358/Final Project/SV_Projects/TopLevelDesign/TopLevelDesign.sv                    ;         ;
; PLLVCO2.sv                           ; yes             ; User SystemVerilog HDL File  ; C:/Users/nabee/OneDrive/Documents/Github/source/CSE4358/Final Project/SV_Projects/TopLevelDesign/PLLVCO2.sv                           ;         ;
+--------------------------------------+-----------------+------------------------------+---------------------------------------------------------------------------------------------------------------------------------------+---------+


+--------------------------------------------------------+
; Analysis & Synthesis Resource Usage Summary            ;
+---------------------------------------------+----------+
; Resource                                    ; Usage    ;
+---------------------------------------------+----------+
; Estimate of Logic utilization (ALMs needed) ; 0        ;
;                                             ;          ;
; Combinational ALUT usage for logic          ; 0        ;
;     -- 7 input functions                    ; 0        ;
;     -- 6 input functions                    ; 0        ;
;     -- 5 input functions                    ; 0        ;
;     -- 4 input functions                    ; 0        ;
;     -- <=3 input functions                  ; 0        ;
;                                             ;          ;
; Dedicated logic registers                   ; 0        ;
;                                             ;          ;
; I/O pins                                    ; 1        ;
;                                             ;          ;
; Total DSP Blocks                            ; 0        ;
;                                             ;          ;
; Maximum fan-out node                        ; RESET_LG ;
; Maximum fan-out                             ; 1        ;
; Total fan-out                               ; 1        ;
; Average fan-out                             ; 0.50     ;
+---------------------------------------------+----------+


+-------------------------------------------------------------------------------------------------------------------------------------------------------------------------------------------+
; Analysis & Synthesis Resource Utilization by Entity                                                                                                                                       ;
+----------------------------+---------------------+---------------------------+-------------------+------------+------+--------------+---------------------+----------------+--------------+
; Compilation Hierarchy Node ; Combinational ALUTs ; Dedicated Logic Registers ; Block Memory Bits ; DSP Blocks ; Pins ; Virtual Pins ; Full Hierarchy Name ; Entity Name    ; Library Name ;
+----------------------------+---------------------+---------------------------+-------------------+------------+------+--------------+---------------------+----------------+--------------+
; |TopLevelDesign            ; 0 (0)               ; 0 (0)                     ; 0                 ; 0          ; 1    ; 0            ; |TopLevelDesign     ; TopLevelDesign ; work         ;
+----------------------------+---------------------+---------------------------+-------------------+------------+------+--------------+---------------------+----------------+--------------+
Note: For table entries with two numbers listed, the numbers in parentheses indicate the number of resources of the given type used by the specific entity alone. The numbers listed outside of parentheses indicate the total resources of the given type used by the specific entity and all of its sub-entities in the hierarchy.


+------------------------------------------------------+
; General Register Statistics                          ;
+----------------------------------------------+-------+
; Statistic                                    ; Value ;
+----------------------------------------------+-------+
; Total registers                              ; 0     ;
; Number of registers using Synchronous Clear  ; 0     ;
; Number of registers using Synchronous Load   ; 0     ;
; Number of registers using Asynchronous Clear ; 0     ;
; Number of registers using Asynchronous Load  ; 0     ;
; Number of registers using Clock Enable       ; 0     ;
; Number of registers using Preset             ; 0     ;
+----------------------------------------------+-------+


+----------------------------------------------------+
; Port Connectivity Checks: "Intel80386DX:inst_MP"   ;
+-------+--------+----------+------------------------+
; Port  ; Type   ; Severity ; Details                ;
+-------+--------+----------+------------------------+
; DC    ; Output ; Info     ; Explicitly unconnected ;
; LOCK  ; Output ; Info     ; Explicitly unconnected ;
; NA    ; Input  ; Info     ; Explicitly unconnected ;
; BS16  ; Input  ; Info     ; Explicitly unconnected ;
; HOLD  ; Input  ; Info     ; Explicitly unconnected ;
; HLDA  ; Output ; Info     ; Explicitly unconnected ;
; BUSY  ; Input  ; Info     ; Explicitly unconnected ;
; ERROR ; Input  ; Info     ; Explicitly unconnected ;
; PEREQ ; Input  ; Info     ; Explicitly unconnected ;
; INTR  ; Input  ; Info     ; Explicitly unconnected ;
; NMI   ; Input  ; Info     ; Explicitly unconnected ;
+-------+--------+----------+------------------------+


+-----------------------------------------------------+
; Post-Synthesis Netlist Statistics for Top Partition ;
+-------------------+---------------------------------+
; Type              ; Count                           ;
+-------------------+---------------------------------+
; boundary_port     ; 1                               ;
;                   ;                                 ;
; Max LUT depth     ; 0.00                            ;
; Average LUT depth ; 0.00                            ;
+-------------------+---------------------------------+


+-------------------------------+
; Elapsed Time Per Partition    ;
+----------------+--------------+
; Partition Name ; Elapsed Time ;
+----------------+--------------+
; Top            ; 00:00:00     ;
+----------------+--------------+


+-------------------------------+
; Analysis & Synthesis Messages ;
+-------------------------------+
Info: *******************************************************************
Info: Running Quartus Prime Analysis & Synthesis
    Info: Version 22.1std.1 Build 917 02/14/2023 SC Lite Edition
    Info: Processing started: Wed Aug  9 00:32:23 2023
Info: Command: quartus_map --read_settings_files=on --write_settings_files=off TopLevelDesign -c TopLevelDesign
Warning (18236): Number of processors has not been specified which may cause overloading on shared machines.  Set the global assignment NUM_PARALLEL_PROCESSORS in your QSF to an appropriate value for best performance.
Info (20030): Parallel compilation is enabled and will use 4 of the 4 processors detected
Info (12021): Found 1 design units, including 1 entities, in source file sdram_controller/sdram_controller.sv
    Info (12023): Found entity 1: SDRAM_Controller File: C:/Users/nabee/OneDrive/Documents/Github/source/CSE4358/Final Project/SV_Projects/TopLevelDesign/SDRAM_Controller/SDRAM_Controller.sv Line: 1
Info (12021): Found 1 design units, including 1 entities, in source file intel80386dx/intel80386dx.sv
    Info (12023): Found entity 1: Intel80386DX File: C:/Users/nabee/OneDrive/Documents/Github/source/CSE4358/Final Project/SV_Projects/TopLevelDesign/Intel80386DX/Intel80386DX.sv Line: 1
Info (12021): Found 1 design units, including 1 entities, in source file mt48lc8m8a2/mt48lc8m8a2.sv
    Info (12023): Found entity 1: MT48LC8M8A2 File: C:/Users/nabee/OneDrive/Documents/Github/source/CSE4358/Final Project/SV_Projects/TopLevelDesign/MT48LC8M8A2/MT48LC8M8A2.sv Line: 3
Info (12021): Found 1 design units, including 1 entities, in source file topleveldesign.sv
    Info (12023): Found entity 1: TopLevelDesign File: C:/Users/nabee/OneDrive/Documents/Github/source/CSE4358/Final Project/SV_Projects/TopLevelDesign/TopLevelDesign.sv Line: 1
Info (12021): Found 1 design units, including 1 entities, in source file pllvco2.sv
    Info (12023): Found entity 1: PLLVCO2 File: C:/Users/nabee/OneDrive/Documents/Github/source/CSE4358/Final Project/SV_Projects/TopLevelDesign/PLLVCO2.sv Line: 1
Info (12021): Found 1 design units, including 1 entities, in source file /users/nabee/onedrive/documents/github/source/cse4358/final project/sv_projects/sdram/controlsignalgenerator.bdf
    Info (12023): Found entity 1: controlsignalgenerator
Info (12127): Elaborating entity "TopLevelDesign" for the top level hierarchy
Info (12128): Elaborating entity "PLLVCO2" for hierarchy "PLLVCO2:inst_PLL" File: C:/Users/nabee/OneDrive/Documents/Github/source/CSE4358/Final Project/SV_Projects/TopLevelDesign/TopLevelDesign.sv Line: 37
Warning (10034): Output port "READY" at PLLVCO2.sv(3) has no driver File: C:/Users/nabee/OneDrive/Documents/Github/source/CSE4358/Final Project/SV_Projects/TopLevelDesign/PLLVCO2.sv Line: 3
Warning (10034): Output port "CLKOUT" at PLLVCO2.sv(6) has no driver File: C:/Users/nabee/OneDrive/Documents/Github/source/CSE4358/Final Project/SV_Projects/TopLevelDesign/PLLVCO2.sv Line: 6
Info (12128): Elaborating entity "Intel80386DX" for hierarchy "Intel80386DX:inst_MP" File: C:/Users/nabee/OneDrive/Documents/Github/source/CSE4358/Final Project/SV_Projects/TopLevelDesign/TopLevelDesign.sv Line: 62
Warning (10034): Output port "A" at Intel80386DX.sv(4) has no driver File: C:/Users/nabee/OneDrive/Documents/Github/source/CSE4358/Final Project/SV_Projects/TopLevelDesign/Intel80386DX/Intel80386DX.sv Line: 4
Warning (10034): Output port "BE" at Intel80386DX.sv(5) has no driver File: C:/Users/nabee/OneDrive/Documents/Github/source/CSE4358/Final Project/SV_Projects/TopLevelDesign/Intel80386DX/Intel80386DX.sv Line: 5
Warning (10034): Output port "CLK2" at Intel80386DX.sv(2) has no driver File: C:/Users/nabee/OneDrive/Documents/Github/source/CSE4358/Final Project/SV_Projects/TopLevelDesign/Intel80386DX/Intel80386DX.sv Line: 2
Warning (10034): Output port "WR" at Intel80386DX.sv(6) has no driver File: C:/Users/nabee/OneDrive/Documents/Github/source/CSE4358/Final Project/SV_Projects/TopLevelDesign/Intel80386DX/Intel80386DX.sv Line: 6
Warning (10034): Output port "DC" at Intel80386DX.sv(7) has no driver File: C:/Users/nabee/OneDrive/Documents/Github/source/CSE4358/Final Project/SV_Projects/TopLevelDesign/Intel80386DX/Intel80386DX.sv Line: 7
Warning (10034): Output port "MIO" at Intel80386DX.sv(8) has no driver File: C:/Users/nabee/OneDrive/Documents/Github/source/CSE4358/Final Project/SV_Projects/TopLevelDesign/Intel80386DX/Intel80386DX.sv Line: 8
Warning (10034): Output port "LOCK" at Intel80386DX.sv(9) has no driver File: C:/Users/nabee/OneDrive/Documents/Github/source/CSE4358/Final Project/SV_Projects/TopLevelDesign/Intel80386DX/Intel80386DX.sv Line: 9
Warning (10034): Output port "ADS" at Intel80386DX.sv(10) has no driver File: C:/Users/nabee/OneDrive/Documents/Github/source/CSE4358/Final Project/SV_Projects/TopLevelDesign/Intel80386DX/Intel80386DX.sv Line: 10
Warning (10034): Output port "HLDA" at Intel80386DX.sv(15) has no driver File: C:/Users/nabee/OneDrive/Documents/Github/source/CSE4358/Final Project/SV_Projects/TopLevelDesign/Intel80386DX/Intel80386DX.sv Line: 15
Info (12128): Elaborating entity "SDRAM_Controller" for hierarchy "SDRAM_Controller:inst_SDRAMCont" File: C:/Users/nabee/OneDrive/Documents/Github/source/CSE4358/Final Project/SV_Projects/TopLevelDesign/TopLevelDesign.sv Line: 91
Warning (10034): Output port "SDRAM_CMD" at SDRAM_Controller.sv(18) has no driver File: C:/Users/nabee/OneDrive/Documents/Github/source/CSE4358/Final Project/SV_Projects/TopLevelDesign/SDRAM_Controller/SDRAM_Controller.sv Line: 18
Warning (10034): Output port "SDRAM_A" at SDRAM_Controller.sv(19) has no driver File: C:/Users/nabee/OneDrive/Documents/Github/source/CSE4358/Final Project/SV_Projects/TopLevelDesign/SDRAM_Controller/SDRAM_Controller.sv Line: 19
Warning (10034): Output port "SDRAM_BA" at SDRAM_Controller.sv(22) has no driver File: C:/Users/nabee/OneDrive/Documents/Github/source/CSE4358/Final Project/SV_Projects/TopLevelDesign/SDRAM_Controller/SDRAM_Controller.sv Line: 22
Warning (10034): Output port "READY" at SDRAM_Controller.sv(5) has no driver File: C:/Users/nabee/OneDrive/Documents/Github/source/CSE4358/Final Project/SV_Projects/TopLevelDesign/SDRAM_Controller/SDRAM_Controller.sv Line: 5
Warning (10034): Output port "SDRAM_CLK" at SDRAM_Controller.sv(16) has no driver File: C:/Users/nabee/OneDrive/Documents/Github/source/CSE4358/Final Project/SV_Projects/TopLevelDesign/SDRAM_Controller/SDRAM_Controller.sv Line: 16
Warning (10034): Output port "SDRAM_CLK_EN" at SDRAM_Controller.sv(17) has no driver File: C:/Users/nabee/OneDrive/Documents/Github/source/CSE4358/Final Project/SV_Projects/TopLevelDesign/SDRAM_Controller/SDRAM_Controller.sv Line: 17
Warning (10034): Output port "SDRAM_CS" at SDRAM_Controller.sv(21) has no driver File: C:/Users/nabee/OneDrive/Documents/Github/source/CSE4358/Final Project/SV_Projects/TopLevelDesign/SDRAM_Controller/SDRAM_Controller.sv Line: 21
Warning (10034): Output port "SDRAM_DQM" at SDRAM_Controller.sv(24) has no driver File: C:/Users/nabee/OneDrive/Documents/Github/source/CSE4358/Final Project/SV_Projects/TopLevelDesign/SDRAM_Controller/SDRAM_Controller.sv Line: 24
Info (12128): Elaborating entity "MT48LC8M8A2" for hierarchy "MT48LC8M8A2:inst_MemoryDevice" File: C:/Users/nabee/OneDrive/Documents/Github/source/CSE4358/Final Project/SV_Projects/TopLevelDesign/TopLevelDesign.sv Line: 105
Info (16010): Generating hard_block partition "hard_block:auto_generated_inst"
    Info (16011): Adding 0 node(s), including 0 DDIO, 0 PLL, 0 transceiver and 0 LCELL
Warning (21074): Design contains 1 input pin(s) that do not drive logic
    Warning (15610): No output dependent on input pin "RESET_LG" File: C:/Users/nabee/OneDrive/Documents/Github/source/CSE4358/Final Project/SV_Projects/TopLevelDesign/TopLevelDesign.sv Line: 3
Info (21057): Implemented 1 device resources after synthesis - the final resource count might be different
    Info (21058): Implemented 1 input pins
    Info (21059): Implemented 0 output pins
Info: Quartus Prime Analysis & Synthesis was successful. 0 errors, 22 warnings
    Info: Peak virtual memory: 4816 megabytes
    Info: Processing ended: Wed Aug  9 00:32:40 2023
    Info: Elapsed time: 00:00:17
    Info: Total CPU time (on all processors): 00:00:25


